Rank by grid boxes:
C2: 174128 posts
B2: 22212 posts
C3: 18184 posts
B3: 6187 posts
C4: 4141 posts
B1: 3311 posts
C5: 2605 posts
D3: 2313 posts
D4: 1857 posts
C1: 1595 posts
B4: 1023 posts
D5: 783 posts
A2: 477 posts
A3: 467 posts
A1: 262 posts
A4: 131 posts

Rank by rows:
C-Row: : 200653 posts
B-Row: : 32733 posts
D-Row: : 4953 posts
A-Row: : 1337 posts

Rank by columns:
Column 2: : 196817 posts
Column 3: : 27151 posts
Column 1: : 5168 posts
Column 4: : 3388 posts

real	0m57.676s
user	2m11.797s
sys	0m53.830s
